<------------------------------>
Thu Jul 16 2020 13:02:01 GMT-0400 (Eastern Daylight Time)
STARTUP: Master 38968 is running
<------------------------------>
Thu Jul 16 2020 13:02:01 GMT-0400 (Eastern Daylight Time)
worker 38972 starting
<------------------------------>
Thu Jul 16 2020 13:02:01 GMT-0400 (Eastern Daylight Time)
worker 38973 starting
<------------------------------>
Thu Jul 16 2020 13:02:01 GMT-0400 (Eastern Daylight Time)
worker 38974 starting
<------------------------------>
Thu Jul 16 2020 13:02:01 GMT-0400 (Eastern Daylight Time)
worker 38971 starting
<------------------------------>
Thu Jul 16 2020 13:02:01 GMT-0400 (Eastern Daylight Time)
worker 38976 starting
<------------------------------>
Thu Jul 16 2020 13:02:01 GMT-0400 (Eastern Daylight Time)
worker 38977 starting
<------------------------------>
Thu Jul 16 2020 13:02:01 GMT-0400 (Eastern Daylight Time)
worker 38978 starting
<------------------------------>
Thu Jul 16 2020 13:02:01 GMT-0400 (Eastern Daylight Time)
worker 38975 starting
<------------------------------>
Thu Jul 16 2020 13:02:03 GMT-0400 (Eastern Daylight Time)
Deleting expired files.
<------------------------------>
Thu Jul 16 2020 13:02:03 GMT-0400 (Eastern Daylight Time)
Expired removal process done. Removed 0 temp files and 0 expired min files.
<------------------------------>
Thu Jul 16 2020 13:02:29 GMT-0400 (Eastern Daylight Time)
STARTUP: Master 39015 is running
<------------------------------>
Thu Jul 16 2020 13:02:29 GMT-0400 (Eastern Daylight Time)
worker 39020 starting
<------------------------------>
Thu Jul 16 2020 13:02:29 GMT-0400 (Eastern Daylight Time)
worker 39019 starting
<------------------------------>
Thu Jul 16 2020 13:02:29 GMT-0400 (Eastern Daylight Time)
worker 39022 starting
<------------------------------>
Thu Jul 16 2020 13:02:29 GMT-0400 (Eastern Daylight Time)
worker 39021 starting
<------------------------------>
Thu Jul 16 2020 13:02:29 GMT-0400 (Eastern Daylight Time)
worker 39023 starting
<------------------------------>
Thu Jul 16 2020 13:02:29 GMT-0400 (Eastern Daylight Time)
worker 39024 starting
<------------------------------>
Thu Jul 16 2020 13:02:29 GMT-0400 (Eastern Daylight Time)
worker 39025 starting
<------------------------------>
Thu Jul 16 2020 13:02:29 GMT-0400 (Eastern Daylight Time)
worker 39026 starting
<------------------------------>
Thu Jul 16 2020 13:02:31 GMT-0400 (Eastern Daylight Time)
Deleting expired files.
<------------------------------>
Thu Jul 16 2020 13:02:31 GMT-0400 (Eastern Daylight Time)
Expired removal process done. Removed 0 temp files and 0 expired min files.
<------------------------------>
Thu Jul 16 2020 13:02:58 GMT-0400 (Eastern Daylight Time)
STARTUP: Master 39092 is running
<------------------------------>
Thu Jul 16 2020 13:02:58 GMT-0400 (Eastern Daylight Time)
worker 39093 starting
<------------------------------>
Thu Jul 16 2020 13:02:58 GMT-0400 (Eastern Daylight Time)
worker 39095 starting
<------------------------------>
Thu Jul 16 2020 13:02:58 GMT-0400 (Eastern Daylight Time)
worker 39096 starting
<------------------------------>
Thu Jul 16 2020 13:02:58 GMT-0400 (Eastern Daylight Time)
worker 39097 starting
<------------------------------>
Thu Jul 16 2020 13:02:58 GMT-0400 (Eastern Daylight Time)
worker 39094 starting
<------------------------------>
Thu Jul 16 2020 13:02:58 GMT-0400 (Eastern Daylight Time)
worker 39099 starting
<------------------------------>
Thu Jul 16 2020 13:02:58 GMT-0400 (Eastern Daylight Time)
worker 39098 starting
<------------------------------>
Thu Jul 16 2020 13:02:58 GMT-0400 (Eastern Daylight Time)
worker 39100 starting
<------------------------------>
Thu Jul 16 2020 13:03:00 GMT-0400 (Eastern Daylight Time)
Deleting expired files.
<------------------------------>
Thu Jul 16 2020 13:03:00 GMT-0400 (Eastern Daylight Time)
Expired removal process done. Removed 0 temp files and 0 expired min files.
<------------------------------>
Thu Jul 16 2020 13:03:24 GMT-0400 (Eastern Daylight Time)
STARTUP: Master 39184 is running
<------------------------------>
Thu Jul 16 2020 13:03:24 GMT-0400 (Eastern Daylight Time)
worker 39188 starting
<------------------------------>
Thu Jul 16 2020 13:03:24 GMT-0400 (Eastern Daylight Time)
worker 39189 starting
<------------------------------>
Thu Jul 16 2020 13:03:24 GMT-0400 (Eastern Daylight Time)
worker 39190 starting
<------------------------------>
Thu Jul 16 2020 13:03:24 GMT-0400 (Eastern Daylight Time)
worker 39187 starting
<------------------------------>
Thu Jul 16 2020 13:03:24 GMT-0400 (Eastern Daylight Time)
worker 39186 starting
<------------------------------>
Thu Jul 16 2020 13:03:24 GMT-0400 (Eastern Daylight Time)
worker 39192 starting
<------------------------------>
Thu Jul 16 2020 13:03:24 GMT-0400 (Eastern Daylight Time)
worker 39191 starting
<------------------------------>
Thu Jul 16 2020 13:03:24 GMT-0400 (Eastern Daylight Time)
worker 39193 starting
<------------------------------>
Thu Jul 16 2020 13:03:26 GMT-0400 (Eastern Daylight Time)
Deleting expired files.
<------------------------------>
Thu Jul 16 2020 13:03:26 GMT-0400 (Eastern Daylight Time)
Expired removal process done. Removed 0 temp files and 0 expired min files.
<------------------------------>
Thu Jul 16 2020 13:03:55 GMT-0400 (Eastern Daylight Time)
STARTUP: Master 39245 is running
<------------------------------>
Thu Jul 16 2020 13:03:55 GMT-0400 (Eastern Daylight Time)
worker 39249 starting
<------------------------------>
Thu Jul 16 2020 13:03:55 GMT-0400 (Eastern Daylight Time)
worker 39248 starting
<------------------------------>
Thu Jul 16 2020 13:03:55 GMT-0400 (Eastern Daylight Time)
worker 39250 starting
<------------------------------>
Thu Jul 16 2020 13:03:55 GMT-0400 (Eastern Daylight Time)
worker 39251 starting
<------------------------------>
Thu Jul 16 2020 13:03:55 GMT-0400 (Eastern Daylight Time)
worker 39252 starting
<------------------------------>
Thu Jul 16 2020 13:03:55 GMT-0400 (Eastern Daylight Time)
worker 39253 starting
<------------------------------>
Thu Jul 16 2020 13:03:55 GMT-0400 (Eastern Daylight Time)
worker 39254 starting
<------------------------------>
Thu Jul 16 2020 13:03:55 GMT-0400 (Eastern Daylight Time)
worker 39255 starting
<------------------------------>
Thu Jul 16 2020 13:03:57 GMT-0400 (Eastern Daylight Time)
Deleting expired files.
<------------------------------>
Thu Jul 16 2020 13:03:57 GMT-0400 (Eastern Daylight Time)
Expired removal process done. Removed 0 temp files and 0 expired min files.
<------------------------------>
Thu Jul 16 2020 13:04:36 GMT-0400 (Eastern Daylight Time)
39253 processing id: bqcvl9pjwp
<------------------------------>
Thu Jul 16 2020 13:04:36 GMT-0400 (Eastern Daylight Time)
resizing image bqcvl9pjwp ./tmp/bqcvl9pjwp/pia22587-original.jpg
<------------------------------>
Thu Jul 16 2020 13:04:41 GMT-0400 (Eastern Daylight Time)
generating async image bqcvl9pjwp ./tmp/bqcvl9pjwp/pia22587-original.jpg
<------------------------------>
Thu Jul 16 2020 13:04:41 GMT-0400 (Eastern Daylight Time)
pixellating bqcvl9pjwpname ./tmp/bqcvl9pjwp/pia22587-original.jpg
<------------------------------>
Thu Jul 16 2020 13:04:50 GMT-0400 (Eastern Daylight Time)
done pixellating, resolving
<------------------------------>
Thu Jul 16 2020 13:04:50 GMT-0400 (Eastern Daylight Time)
optimizing image bqcvl9pjwpname ./tmp/bqcvl9pjwp/pia22587-original.jpg
<------------------------------>
Thu Jul 16 2020 13:04:54 GMT-0400 (Eastern Daylight Time)
done optimizing, resolving
<------------------------------>
Thu Jul 16 2020 13:04:54 GMT-0400 (Eastern Daylight Time)
zipping min directory bqcvl9pjwpname ./tmp/bqcvl9pjwp/pia22587-original.jpg
<------------------------------>
Thu Jul 16 2020 13:04:54 GMT-0400 (Eastern Daylight Time)
printing code bqcvl9pjwpname ./tmp/bqcvl9pjwp/pia22587-original.jpg
<------------------------------>
Thu Jul 16 2020 13:18:08 GMT-0400 (Eastern Daylight Time)
STARTUP: Master 39635 is running
<------------------------------>
Thu Jul 16 2020 13:18:09 GMT-0400 (Eastern Daylight Time)
worker 39640 starting
<------------------------------>
Thu Jul 16 2020 13:18:09 GMT-0400 (Eastern Daylight Time)
worker 39641 starting
<------------------------------>
Thu Jul 16 2020 13:18:09 GMT-0400 (Eastern Daylight Time)
worker 39642 starting
<------------------------------>
Thu Jul 16 2020 13:18:09 GMT-0400 (Eastern Daylight Time)
worker 39643 starting
<------------------------------>
Thu Jul 16 2020 13:18:09 GMT-0400 (Eastern Daylight Time)
worker 39644 starting
<------------------------------>
Thu Jul 16 2020 13:18:09 GMT-0400 (Eastern Daylight Time)
worker 39645 starting
<------------------------------>
Thu Jul 16 2020 13:18:09 GMT-0400 (Eastern Daylight Time)
worker 39646 starting
<------------------------------>
Thu Jul 16 2020 13:18:09 GMT-0400 (Eastern Daylight Time)
worker 39647 starting
<------------------------------>
Thu Jul 16 2020 13:18:11 GMT-0400 (Eastern Daylight Time)
Deleting expired files.
<------------------------------>
Thu Jul 16 2020 13:18:11 GMT-0400 (Eastern Daylight Time)
Expired removal process done. Removed 0 temp files and 0 expired min files.
